<?xml version="1.0" ?>
<coverage version="5.5" timestamp="1622785250347" lines-valid="8" lines-covered="4" line-rate="0.5" branches-valid="0" branches-covered="0" branch-rate="1" complexity="0">
	<!-- Generated by coverage.py: https://coverage.readthedocs.io -->
	<!-- Based on https://raw.githubusercontent.com/cobertura/web/master/htdocs/xml/coverage-04.dtd -->
	<sources>
		<source>/Users/amendoza/Dropbox/Enroute/IT Rockstars/irock/rockstar-travis-test</source>
	</sources>
	<packages>
		<package name="." line-rate="0.5" branch-rate="1" complexity="0">
			<classes>
				<class name="my_calc.py" filename="my_calc.py" complexity="0" line-rate="0.5" branch-rate="1">
					<methods/>
					<lines>
						<line number="1" hits="1"/>
						<line number="2" hits="0"/>
						<line number="4" hits="1"/>
						<line number="5" hits="0"/>
						<line number="7" hits="1"/>
						<line number="8" hits="0"/>
						<line number="10" hits="1"/>
						<line number="11" hits="0"/>
					</lines>
				</class>
			</classes>
		</package>
	</packages>
</coverage>
